WARNING (10/09/24 11:45:17): LAUNCHER_WORKDIR variable not set. Using current directory.
Launcher: Setup complete.

------------- SUMMARY ---------------
   Number of hosts:    2
   Working directory:  /work/09973/acmontesh/ls6/Ex5
   Processes per host: 32
   Total processes:    64
   Total jobs:         7
   Scheduling method:  dynamic

-------------------------------------
Launcher: Starting parallel tasks...
using /tmp/launcher.1996082.hostlist.rVnCJUyu to get hosts
starting job on c303-013
starting job on c309-012
Warning: Permanently added 'c303-013' (ECDSA) to the list of known hosts.
Launcher: Task 25 running job 2 on c303-013.ls6.tacc.utexas.edu ({ /bin/time -f "%e" ./compute_pi 100; } &>> compute_pi.script.log)
Launcher: Task 17 running job 1 on c303-013.ls6.tacc.utexas.edu ({ /bin/time -f "%e" ./compute_pi 10; } &>> compute_pi.script.log)
Launcher: Task 22 running job 3 on c303-013.ls6.tacc.utexas.edu ({ /bin/time -f "%e" ./compute_pi 500; } &>> compute_pi.script.log)
Launcher: Job 1 completed in 0 seconds.
Launcher: Job 2 completed in 0 seconds.
Launcher: Job 3 completed in 0 seconds.
Launcher: Task 17 running job 4 on c303-013.ls6.tacc.utexas.edu ({ /bin/time -f "%e" ./compute_pi 1000; } &>> compute_pi.script.log)
Launcher: Task 25 running job 5 on c303-013.ls6.tacc.utexas.edu ({ /bin/time -f "%e" ./compute_pi 5000; } &>> compute_pi.script.log)
Launcher: Task 22 running job 6 on c303-013.ls6.tacc.utexas.edu ({ /bin/time -f "%e" ./compute_pi 10000; } &>> compute_pi.script.log)
Launcher: Job 4 completed in 0 seconds.
Launcher: Job 5 completed in 0 seconds.
Launcher: Job 6 completed in 0 seconds.
Launcher: Task 17 done. Exiting.
Launcher: Task 22 done. Exiting.
Launcher: Task 25 running job 7 on c303-013.ls6.tacc.utexas.edu ({ /bin/time -f "%e" ./compute_pi 50000; } &>> compute_pi.script.log)
Launcher: Job 7 completed in 0 seconds.
Launcher: Task 25 done. Exiting.
Launcher: Done. Job exited without errors
