TACC:  Starting up job 1994724 
TACC:  Starting parallel tasks... 
Options used:
   --mesh ./Ex4/star.mesh
   --refine 3
   --order 1
   --serial-format
   --no-partial-assembly
   --device cpu
   --visualization
   --no-adios2-streams
Device configuration: cpu
Memory configuration: host-std
***********************************************************
dim(R) = 164480
dim(W) = 81920
dim(R+W) = 246400
***********************************************************


 Num MPI tasks = 16

 Num OpenMP threads = 1


BoomerAMG SETUP PARAMETERS:

 Max levels = 25
 Num levels = 7

 Strength Threshold = 0.250000
 Interpolation Truncation Factor = 0.000000
 Maximum Row Sum Threshold for Dependency Weakening = 0.900000

 Coarsening Type = HMIS 

 No. of levels of aggressive coarsening: 1

 Interpolation on agg. levels= multipass interpolation
 measures are determined locally


 No global partition option chosen.

 Interpolation = extended+i interpolation

Operator Matrix Information:

             nonzero            entries/row          row sums
lev    rows  entries sparse   min  max     avg      min         max
======================================================================
  0   81920   896000  0.000     7   11    10.9  -5.517e-01   7.685e+00
  1    9976    95038  0.001     4   17     9.5  -1.517e-01   7.922e+00
  2    3657    77375  0.006     7   31    21.2  -4.702e-03   8.254e+00
  3     923    24735  0.029    10   38    26.8  -5.631e-05   8.794e+00
  4     186     4736  0.137    10   40    25.5  -2.532e-11   9.766e+00
  5      31      577  0.600    12   30    18.6   2.638e-01   1.064e+01
  6       5       25  1.000     5    5     5.0   5.058e+00   7.050e+00


Interpolation Matrix Information:
                    entries/row        min        max            row sums
lev  rows x cols  min  max  avgW     weight      weight       min         max
================================================================================
  0 81920 x 9976    1    4   1.7   2.468e-02   1.084e+00   1.257e-01   1.084e+00
  1  9976 x 3657    1    4   3.9   1.607e-02   8.403e-01   2.931e-01   1.012e+00
  2  3657 x 923     1    4   3.9   7.676e-03   7.599e-01   1.404e-01   1.001e+00
  3   923 x 186     1    4   3.8   2.918e-03   1.000e+00   6.991e-02   1.000e+00
  4   186 x 31      0    4   3.4   3.949e-03   6.350e-01   0.000e+00   1.000e+00
  5    31 x 5       0    4   2.2   9.628e-03   5.197e-01   0.000e+00   1.000e+00


     Complexity:    grid = 1.180396
                operator = 1.225989
                memory = 1.421648




BoomerAMG SOLVER PARAMETERS:

  Maximum number of cycles:         1 
  Stopping Tolerance:               0.000000e+00 
  Cycle type (1 = V, 2 = W, etc.):  1

  Relaxation Parameters:
   Visiting Grid:                     down   up  coarse
            Number of sweeps:            1    1     1 
   Type 0=Jac, 3=hGS, 6=hSGS, 9=GE:      8    8     9 
   Point types, partial sweeps (1=C, -1=F):
                  Pre-CG relaxation (down):   0
                   Post-CG relaxation (up):   0
                             Coarsest grid:   0

MINRES: iteration   0: ||r||_B = 84.7085
MINRES: iteration   1: ||r||_B = 61.7611
MINRES: iteration   2: ||r||_B = 39.426
MINRES: iteration   3: ||r||_B = 15.1156
MINRES: iteration   4: ||r||_B = 14.1852
MINRES: iteration   5: ||r||_B = 4.58652
MINRES: iteration   6: ||r||_B = 4.2114
MINRES: iteration   7: ||r||_B = 2.19011
MINRES: iteration   8: ||r||_B = 1.53892
MINRES: iteration   9: ||r||_B = 1.18875
MINRES: iteration  10: ||r||_B = 0.608682
MINRES: iteration  11: ||r||_B = 0.606871
MINRES: iteration  12: ||r||_B = 0.338677
MINRES: iteration  13: ||r||_B = 0.259425
MINRES: iteration  14: ||r||_B = 0.214375
MINRES: iteration  15: ||r||_B = 0.11517
MINRES: iteration  16: ||r||_B = 0.113642
MINRES: iteration  17: ||r||_B = 0.0753407
MINRES: iteration  18: ||r||_B = 0.0553356
MINRES: iteration  19: ||r||_B = 0.0538432
MINRES: iteration  20: ||r||_B = 0.0320449
MINRES: iteration  21: ||r||_B = 0.0281352
MINRES: iteration  22: ||r||_B = 0.0228706
MINRES: iteration  23: ||r||_B = 0.0149132
MINRES: iteration  24: ||r||_B = 0.0149129
MINRES: iteration  25: ||r||_B = 0.00993704
MINRES: iteration  26: ||r||_B = 0.00791261
MINRES: iteration  27: ||r||_B = 0.00742829
MINRES: iteration  28: ||r||_B = 0.00455054
MINRES: iteration  29: ||r||_B = 0.00437451
MINRES: iteration  30: ||r||_B = 0.0031785
MINRES: iteration  31: ||r||_B = 0.00228014
MINRES: iteration  32: ||r||_B = 0.00225608
MINRES: iteration  33: ||r||_B = 0.00144031
MINRES: iteration  34: ||r||_B = 0.00124972
MINRES: iteration  35: ||r||_B = 0.00106737
MINRES: iteration  36: ||r||_B = 0.000666747
MINRES: iteration  37: ||r||_B = 0.000662164
MINRES: iteration  38: ||r||_B = 0.000451862
MINRES: iteration  39: ||r||_B = 0.00034943
MINRES: iteration  40: ||r||_B = 0.000333049
MINRES: iteration  41: ||r||_B = 0.000207068
MINRES: iteration  42: ||r||_B = 0.000191222
MINRES: iteration  43: ||r||_B = 0.000151747
MINRES: iteration  44: ||r||_B = 0.000102199
MINRES: iteration  45: ||r||_B = 0.000101962
MINRES: iteration  46: ||r||_B = 6.66132e-05
MINRES converged in 46 iterations with a residual norm of 6.66132e-05.
MINRES solver took 0.0564125s. 
|| u_h - u_ex || / || u_ex || = 2.62157e-05
|| p_h - p_ex || / || p_ex || = 6.74233e-06
TACC:  Shutdown complete. Exiting. 
