TACC:  Starting up job 1994712 
TACC:  Starting parallel tasks... 
Options used:
   --mesh ./Ex4/star.mesh
   --refine 2
   --order 1
   --serial-format
   --no-partial-assembly
   --device cpu
   --visualization
   --no-adios2-streams
Device configuration: cpu
Memory configuration: host-std
***********************************************************
dim(R) = 41280
dim(W) = 20480
dim(R+W) = 61760
***********************************************************


 Num MPI tasks = 4

 Num OpenMP threads = 1


BoomerAMG SETUP PARAMETERS:

 Max levels = 25
 Num levels = 6

 Strength Threshold = 0.250000
 Interpolation Truncation Factor = 0.000000
 Maximum Row Sum Threshold for Dependency Weakening = 0.900000

 Coarsening Type = HMIS 

 No. of levels of aggressive coarsening: 1

 Interpolation on agg. levels= multipass interpolation
 measures are determined locally


 No global partition option chosen.

 Interpolation = extended+i interpolation

Operator Matrix Information:

             nonzero            entries/row          row sums
lev    rows  entries sparse   min  max     avg      min         max
======================================================================
  0   20480   222720  0.001     7   11    10.9  -5.517e-01   7.685e+00
  1    2514    23262  0.004     4   16     9.3  -8.945e-02   1.047e+01
  2     928    18826  0.022     8   30    20.3  -7.585e-03   1.077e+01
  3     233     5595  0.103     9   42    24.0  -1.281e-06   9.903e+00
  4      47      959  0.434    10   40    20.4   4.450e-03   9.219e+00
  5       6       36  1.000     6    6     6.0   4.843e+00   7.733e+00


Interpolation Matrix Information:
                    entries/row        min        max            row sums
lev  rows x cols  min  max  avgW     weight      weight       min         max
================================================================================
  0 20480 x 2514    1    4   1.7   2.762e-02   1.084e+00   1.421e-01   1.084e+00
  1  2514 x 928     1    4   3.9   1.550e-02   7.958e-01   2.144e-01   1.014e+00
  2   928 x 233     0    4   3.8   8.610e-03   6.867e-01   0.000e+00   1.001e+00
  3   233 x 47      0    4   3.5   3.213e-03   6.817e-01   0.000e+00   1.000e+00
  4    47 x 6       0    4   2.6   1.628e-03   5.627e-01   0.000e+00   1.000e+00


     Complexity:    grid = 1.182031
                operator = 1.218561
                memory = 1.414471




BoomerAMG SOLVER PARAMETERS:

  Maximum number of cycles:         1 
  Stopping Tolerance:               0.000000e+00 
  Cycle type (1 = V, 2 = W, etc.):  1

  Relaxation Parameters:
   Visiting Grid:                     down   up  coarse
            Number of sweeps:            1    1     1 
   Type 0=Jac, 3=hGS, 6=hSGS, 9=GE:      8    8     9 
   Point types, partial sweeps (1=C, -1=F):
                  Pre-CG relaxation (down):   0
                   Post-CG relaxation (up):   0
                             Coarsest grid:   0

MINRES: iteration   0: ||r||_B = 59.8979
MINRES: iteration   1: ||r||_B = 43.6503
MINRES: iteration   2: ||r||_B = 27.7366
MINRES: iteration   3: ||r||_B = 10.581
MINRES: iteration   4: ||r||_B = 9.97839
MINRES: iteration   5: ||r||_B = 3.21631
MINRES: iteration   6: ||r||_B = 2.92083
MINRES: iteration   7: ||r||_B = 1.53445
MINRES: iteration   8: ||r||_B = 1.04645
MINRES: iteration   9: ||r||_B = 0.856967
MINRES: iteration  10: ||r||_B = 0.428112
MINRES: iteration  11: ||r||_B = 0.418028
MINRES: iteration  12: ||r||_B = 0.243538
MINRES: iteration  13: ||r||_B = 0.16783
MINRES: iteration  14: ||r||_B = 0.14996
MINRES: iteration  15: ||r||_B = 0.0807599
MINRES: iteration  16: ||r||_B = 0.0759275
MINRES: iteration  17: ||r||_B = 0.0572126
MINRES: iteration  18: ||r||_B = 0.0374061
MINRES: iteration  19: ||r||_B = 0.0373802
MINRES: iteration  20: ||r||_B = 0.0230191
MINRES: iteration  21: ||r||_B = 0.0186259
MINRES: iteration  22: ||r||_B = 0.0166172
MINRES: iteration  23: ||r||_B = 0.0104386
MINRES: iteration  24: ||r||_B = 0.0102528
MINRES: iteration  25: ||r||_B = 0.00747105
MINRES: iteration  26: ||r||_B = 0.00538067
MINRES: iteration  27: ||r||_B = 0.00528874
MINRES: iteration  28: ||r||_B = 0.00319219
MINRES: iteration  29: ||r||_B = 0.0028831
MINRES: iteration  30: ||r||_B = 0.00235371
MINRES: iteration  31: ||r||_B = 0.00158258
MINRES: iteration  32: ||r||_B = 0.00158066
MINRES: iteration  33: ||r||_B = 0.00107555
MINRES: iteration  34: ||r||_B = 0.000861415
MINRES: iteration  35: ||r||_B = 0.000791924
MINRES: iteration  36: ||r||_B = 0.000478267
MINRES: iteration  37: ||r||_B = 0.000461471
MINRES: iteration  38: ||r||_B = 0.000340799
MINRES: iteration  39: ||r||_B = 0.000243246
MINRES: iteration  40: ||r||_B = 0.000241174
MINRES: iteration  41: ||r||_B = 0.000151286
MINRES: iteration  42: ||r||_B = 0.000129546
MINRES: iteration  43: ||r||_B = 0.000109642
MINRES: iteration  44: ||r||_B = 6.81148e-05
MINRES: iteration  45: ||r||_B = 6.75634e-05
MINRES: iteration  46: ||r||_B = 4.71742e-05
MINRES converged in 46 iterations with a residual norm of 4.71742e-05.
MINRES solver took 0.0497029s. 
|| u_h - u_ex || / || u_ex || = 1.71224e-05
|| p_h - p_ex || / || p_ex || = 4.33027e-06
TACC:  Shutdown complete. Exiting. 
